2016-05-10 10:43:57,759 [ModalContext] INFO  c.g.t.t.d.PublishedGradleVersions - Gradle version information cache file is not out-of-date. No remote download required.
2016-05-10 10:49:02,558 [Worker-2] INFO  o.e.m.c.i.e.AbstractTransferListenerAdapter - Downloading https://repo.maven.apache.org/maven2/org/eclipse/xtend/xtend-maven-plugin/2.9.2/xtend-maven-plugin-2.9.2.pom
2016-05-10 10:49:02,645 [Worker-2] INFO  o.e.m.c.i.e.AbstractTransferListenerAdapter - Downloaded https://repo.maven.apache.org/maven2/org/eclipse/xtend/xtend-maven-plugin/2.9.2/xtend-maven-plugin-2.9.2.pom
2016-05-10 10:49:02,713 [Worker-2] INFO  o.e.m.c.i.e.AbstractTransferListenerAdapter - Downloading https://repo.maven.apache.org/maven2/org/eclipse/xtext/org.eclipse.xtext.parent/2.9.2/org.eclipse.xtext.parent-2.9.2.pom
2016-05-10 10:49:02,812 [Worker-2] INFO  o.e.m.c.i.e.AbstractTransferListenerAdapter - Downloaded https://repo.maven.apache.org/maven2/org/eclipse/xtext/org.eclipse.xtext.parent/2.9.2/org.eclipse.xtext.parent-2.9.2.pom
2016-05-10 10:49:02,883 [Worker-2] INFO  o.e.m.c.i.e.AbstractTransferListenerAdapter - Downloading https://repo.maven.apache.org/maven2/org/eclipse/xtend/xtend-maven-plugin/2.9.2/xtend-maven-plugin-2.9.2.jar
2016-05-10 10:49:03,048 [Worker-2] INFO  o.e.m.c.i.e.AbstractTransferListenerAdapter - Downloaded https://repo.maven.apache.org/maven2/org/eclipse/xtend/xtend-maven-plugin/2.9.2/xtend-maven-plugin-2.9.2.jar
2016-05-10 10:49:03,235 [Worker-2] INFO  o.e.m.c.i.e.AbstractTransferListenerAdapter - Downloading https://repo.maven.apache.org/maven2/org/codehaus/mojo/exec-maven-plugin/1.4.0/exec-maven-plugin-1.4.0.jar
2016-05-10 10:49:03,362 [Worker-2] INFO  o.e.m.c.i.e.AbstractTransferListenerAdapter - Downloaded https://repo.maven.apache.org/maven2/org/codehaus/mojo/exec-maven-plugin/1.4.0/exec-maven-plugin-1.4.0.jar
2016-05-10 10:49:03,500 [Worker-2] INFO  o.e.m.c.i.e.AbstractTransferListenerAdapter - Downloading https://repo.maven.apache.org/maven2/org/apache/maven/plugins/maven-resources-plugin/2.4.3/maven-resources-plugin-2.4.3.jar
2016-05-10 10:49:03,567 [Worker-2] INFO  o.e.m.c.i.e.AbstractTransferListenerAdapter - Downloaded https://repo.maven.apache.org/maven2/org/apache/maven/plugins/maven-resources-plugin/2.4.3/maven-resources-plugin-2.4.3.jar
2016-05-10 10:49:03,634 [Worker-2] INFO  o.e.m.c.i.l.LifecycleMappingFactory - Using DEFAULT lifecycle mapping for MavenProject: org.xtext.example.mydsl:org.xtext.example.mydsl:1.0.0-SNAPSHOT @ /Users/ilyagutnikov/Git/MIIS_Labs/lab5/xtext_example/org.xtext.example.mydsl.parent/org.xtext.example.mydsl/pom.xml.
2016-05-10 10:49:03,743 [Worker-2] INFO  o.e.m.c.i.e.AbstractTransferListenerAdapter - Downloading https://repo.maven.apache.org/maven2/org/apache/maven/plugins/maven-resources-plugin/2.4.3/maven-resources-plugin-2.4.3.pom
2016-05-10 10:49:03,793 [Worker-2] INFO  o.e.m.c.i.e.AbstractTransferListenerAdapter - Downloaded https://repo.maven.apache.org/maven2/org/apache/maven/plugins/maven-resources-plugin/2.4.3/maven-resources-plugin-2.4.3.pom
2016-05-10 10:49:03,979 [Worker-2] INFO  o.e.m.c.i.e.AbstractTransferListenerAdapter - Downloading https://repo.maven.apache.org/maven2/org/apache/maven/shared/maven-filtering/1.0-beta-4/maven-filtering-1.0-beta-4.pom
2016-05-10 10:49:04,029 [Worker-2] INFO  o.e.m.c.i.e.AbstractTransferListenerAdapter - Downloaded https://repo.maven.apache.org/maven2/org/apache/maven/shared/maven-filtering/1.0-beta-4/maven-filtering-1.0-beta-4.pom
2016-05-10 10:49:04,085 [Worker-2] INFO  o.e.m.c.i.e.AbstractTransferListenerAdapter - Downloading https://repo.maven.apache.org/maven2/org/apache/maven/shared/maven-shared-components/15/maven-shared-components-15.pom
2016-05-10 10:49:04,152 [Worker-2] INFO  o.e.m.c.i.e.AbstractTransferListenerAdapter - Downloaded https://repo.maven.apache.org/maven2/org/apache/maven/shared/maven-shared-components/15/maven-shared-components-15.pom
2016-05-10 10:49:04,248 [Worker-2] INFO  o.e.m.c.i.e.AbstractTransferListenerAdapter - Downloading https://repo.maven.apache.org/maven2/org/apache/maven/shared/maven-filtering/1.0-beta-4/maven-filtering-1.0-beta-4.jar
2016-05-10 10:49:04,380 [Worker-2] INFO  o.e.m.c.i.e.AbstractTransferListenerAdapter - Downloaded https://repo.maven.apache.org/maven2/org/apache/maven/shared/maven-filtering/1.0-beta-4/maven-filtering-1.0-beta-4.jar
2016-05-10 10:49:04,456 [Worker-2] INFO  o.e.m.c.i.embedder.EclipseLogger - Using 'UTF-8' encoding to copy filtered resources.
2016-05-10 10:49:04,457 [Worker-2] INFO  o.e.m.c.i.embedder.EclipseLogger - skip non existing resourceDirectory /Users/ilyagutnikov/Git/MIIS_Labs/lab5/xtext_example/org.xtext.example.mydsl.parent/org.xtext.example.mydsl/src/main/resources
2016-05-10 10:49:04,459 [Worker-2] INFO  o.e.m.c.i.embedder.EclipseLogger - Using 'UTF-8' encoding to copy filtered resources.
2016-05-10 10:49:04,459 [Worker-2] INFO  o.e.m.c.i.embedder.EclipseLogger - skip non existing resourceDirectory /Users/ilyagutnikov/Git/MIIS_Labs/lab5/xtext_example/org.xtext.example.mydsl.parent/org.xtext.example.mydsl/src/test/resources
2016-05-10 10:49:04,866 [Worker-5] INFO  o.e.m.c.i.l.LifecycleMappingFactory - Using DEFAULT lifecycle mapping for MavenProject: org.xtext.example.mydsl:org.xtext.example.mydsl:1.0.0-SNAPSHOT @ /Users/ilyagutnikov/Git/MIIS_Labs/lab5/xtext_example/org.xtext.example.mydsl.parent/org.xtext.example.mydsl/pom.xml.
2016-05-10 10:49:04,922 [Worker-5] INFO  o.e.m.c.i.l.LifecycleMappingFactory - Using DEFAULT lifecycle mapping for MavenProject: org.xtext.example.mydsl:org.xtext.example.mydsl.ide:1.0.0-SNAPSHOT @ /Users/ilyagutnikov/Git/MIIS_Labs/lab5/xtext_example/org.xtext.example.mydsl.parent/org.xtext.example.mydsl.ide/pom.xml.
2016-05-10 10:49:04,939 [Worker-5] INFO  o.e.m.c.i.l.LifecycleMappingFactory - Using NULL lifecycle mapping for MavenProject: org.xtext.example.mydsl:org.xtext.example.mydsl.parent:1.0.0-SNAPSHOT @ /Users/ilyagutnikov/Git/MIIS_Labs/lab5/xtext_example/org.xtext.example.mydsl.parent/pom.xml.
2016-05-10 10:49:04,962 [Worker-5] INFO  o.e.m.c.i.l.LifecycleMappingFactory - Using DEFAULT lifecycle mapping for MavenProject: org.xtext.example.mydsl:org.xtext.example.mydsl.target:1.0.0-SNAPSHOT @ /Users/ilyagutnikov/Git/MIIS_Labs/lab5/xtext_example/org.xtext.example.mydsl.parent/org.xtext.example.mydsl.target/pom.xml.
2016-05-10 10:49:05,011 [Worker-5] INFO  o.e.m.c.i.l.LifecycleMappingFactory - Using DEFAULT lifecycle mapping for MavenProject: org.xtext.example.mydsl:org.xtext.example.mydsl.ui:1.0.0-SNAPSHOT @ /Users/ilyagutnikov/Git/MIIS_Labs/lab5/xtext_example/org.xtext.example.mydsl.parent/org.xtext.example.mydsl.ui/pom.xml.
2016-05-10 10:49:05,125 [Worker-5] INFO  o.e.m.c.i.e.AbstractTransferListenerAdapter - Downloading https://repo.maven.apache.org/maven2/org/eclipse/tycho/tycho-surefire-plugin/0.23.1/tycho-surefire-plugin-0.23.1.jar
2016-05-10 10:49:05,264 [Worker-5] INFO  o.e.m.c.i.e.AbstractTransferListenerAdapter - Downloaded https://repo.maven.apache.org/maven2/org/eclipse/tycho/tycho-surefire-plugin/0.23.1/tycho-surefire-plugin-0.23.1.jar
2016-05-10 10:49:05,288 [Worker-5] INFO  o.e.m.c.i.l.LifecycleMappingFactory - Using DEFAULT lifecycle mapping for MavenProject: org.xtext.example.mydsl:org.xtext.example.mydsl.ui.tests:1.0.0-SNAPSHOT @ /Users/ilyagutnikov/Git/MIIS_Labs/lab5/xtext_example/org.xtext.example.mydsl.parent/org.xtext.example.mydsl.ui.tests/pom.xml.
2016-05-10 10:49:06,957 [Worker-22] INFO  o.e.m.c.i.embedder.EclipseLogger - Using 'UTF-8' encoding to copy filtered resources.
2016-05-10 10:49:06,957 [Worker-22] INFO  o.e.m.c.i.embedder.EclipseLogger - skip non existing resourceDirectory /Users/ilyagutnikov/Git/MIIS_Labs/lab5/xtext_example/org.xtext.example.mydsl.parent/org.xtext.example.mydsl.ide/src/main/resources
2016-05-10 10:49:06,959 [Worker-22] INFO  o.e.m.c.i.embedder.EclipseLogger - Using 'UTF-8' encoding to copy filtered resources.
2016-05-10 10:49:06,959 [Worker-22] INFO  o.e.m.c.i.embedder.EclipseLogger - skip non existing resourceDirectory /Users/ilyagutnikov/Git/MIIS_Labs/lab5/xtext_example/org.xtext.example.mydsl.parent/org.xtext.example.mydsl.ide/src/test/resources
2016-05-10 10:49:07,651 [Worker-16] INFO  o.e.m.c.i.embedder.EclipseLogger - Using 'UTF-8' encoding to copy filtered resources.
2016-05-10 10:49:07,651 [Worker-16] INFO  o.e.m.c.i.embedder.EclipseLogger - skip non existing resourceDirectory /Users/ilyagutnikov/Git/MIIS_Labs/lab5/xtext_example/org.xtext.example.mydsl.parent/org.xtext.example.mydsl/src/main/resources
2016-05-10 10:49:07,653 [Worker-16] INFO  o.e.m.c.i.embedder.EclipseLogger - Using 'UTF-8' encoding to copy filtered resources.
2016-05-10 10:49:07,653 [Worker-16] INFO  o.e.m.c.i.embedder.EclipseLogger - skip non existing resourceDirectory /Users/ilyagutnikov/Git/MIIS_Labs/lab5/xtext_example/org.xtext.example.mydsl.parent/org.xtext.example.mydsl/src/test/resources
2016-05-10 10:49:08,305 [Worker-16] INFO  o.e.m.c.i.embedder.EclipseLogger - Using 'UTF-8' encoding to copy filtered resources.
2016-05-10 10:49:08,305 [Worker-16] INFO  o.e.m.c.i.embedder.EclipseLogger - skip non existing resourceDirectory /Users/ilyagutnikov/Git/MIIS_Labs/lab5/xtext_example/org.xtext.example.mydsl.parent/org.xtext.example.mydsl.ide/src/main/resources
2016-05-10 10:49:08,306 [Worker-16] INFO  o.e.m.c.i.embedder.EclipseLogger - Using 'UTF-8' encoding to copy filtered resources.
2016-05-10 10:49:08,306 [Worker-16] INFO  o.e.m.c.i.embedder.EclipseLogger - skip non existing resourceDirectory /Users/ilyagutnikov/Git/MIIS_Labs/lab5/xtext_example/org.xtext.example.mydsl.parent/org.xtext.example.mydsl.ide/src/test/resources
2016-05-10 10:49:08,656 [Worker-22] INFO  o.e.m.c.i.embedder.EclipseLogger - Using 'UTF-8' encoding to copy filtered resources.
2016-05-10 10:49:08,656 [Worker-22] INFO  o.e.m.c.i.embedder.EclipseLogger - skip non existing resourceDirectory /Users/ilyagutnikov/Git/MIIS_Labs/lab5/xtext_example/org.xtext.example.mydsl.parent/org.xtext.example.mydsl.ui/src/main/resources
2016-05-10 10:49:08,657 [Worker-22] INFO  o.e.m.c.i.embedder.EclipseLogger - Using 'UTF-8' encoding to copy filtered resources.
2016-05-10 10:49:08,658 [Worker-22] INFO  o.e.m.c.i.embedder.EclipseLogger - skip non existing resourceDirectory /Users/ilyagutnikov/Git/MIIS_Labs/lab5/xtext_example/org.xtext.example.mydsl.parent/org.xtext.example.mydsl.ui/src/test/resources
2016-05-10 10:49:09,902 [Worker-2] INFO  o.e.m.c.i.embedder.EclipseLogger - Using 'UTF-8' encoding to copy filtered resources.
2016-05-10 10:49:09,903 [Worker-2] INFO  o.e.m.c.i.embedder.EclipseLogger - skip non existing resourceDirectory /Users/ilyagutnikov/Git/MIIS_Labs/lab5/xtext_example/org.xtext.example.mydsl.parent/org.xtext.example.mydsl.ui.tests/src/main/resources
2016-05-10 10:49:09,904 [Worker-2] INFO  o.e.m.c.i.embedder.EclipseLogger - Using 'UTF-8' encoding to copy filtered resources.
2016-05-10 10:49:09,904 [Worker-2] INFO  o.e.m.c.i.embedder.EclipseLogger - skip non existing resourceDirectory /Users/ilyagutnikov/Git/MIIS_Labs/lab5/xtext_example/org.xtext.example.mydsl.parent/org.xtext.example.mydsl.ui.tests/src/test/resources
2016-05-10 10:49:11,412 [Worker-5] INFO  o.e.m.c.i.embedder.EclipseLogger - Using 'UTF-8' encoding to copy filtered resources.
2016-05-10 10:49:11,412 [Worker-5] INFO  o.e.m.c.i.embedder.EclipseLogger - skip non existing resourceDirectory /Users/ilyagutnikov/Git/MIIS_Labs/lab5/xtext_example/org.xtext.example.mydsl.parent/org.xtext.example.mydsl.ui/src/main/resources
2016-05-10 10:49:11,413 [Worker-5] INFO  o.e.m.c.i.embedder.EclipseLogger - Using 'UTF-8' encoding to copy filtered resources.
2016-05-10 10:49:11,413 [Worker-5] INFO  o.e.m.c.i.embedder.EclipseLogger - skip non existing resourceDirectory /Users/ilyagutnikov/Git/MIIS_Labs/lab5/xtext_example/org.xtext.example.mydsl.parent/org.xtext.example.mydsl.ui/src/test/resources
2016-05-10 10:49:11,432 [Worker-5] INFO  o.e.m.c.i.embedder.EclipseLogger - Using 'UTF-8' encoding to copy filtered resources.
2016-05-10 10:49:11,432 [Worker-5] INFO  o.e.m.c.i.embedder.EclipseLogger - skip non existing resourceDirectory /Users/ilyagutnikov/Git/MIIS_Labs/lab5/xtext_example/org.xtext.example.mydsl.parent/org.xtext.example.mydsl.ui.tests/src/main/resources
2016-05-10 10:49:11,434 [Worker-5] INFO  o.e.m.c.i.embedder.EclipseLogger - Using 'UTF-8' encoding to copy filtered resources.
2016-05-10 10:49:11,434 [Worker-5] INFO  o.e.m.c.i.embedder.EclipseLogger - skip non existing resourceDirectory /Users/ilyagutnikov/Git/MIIS_Labs/lab5/xtext_example/org.xtext.example.mydsl.parent/org.xtext.example.mydsl.ui.tests/src/test/resources
